2019/12/17 14:45:49.740447373 Using Packrat dir /opt/rstudio-connect/mnt/app/packrat/lib/x86_64-redhat-linux-gnu/3.5.0
2019/12/17 14:45:49.810661554 Server version: 1.7.6-6
2019/12/17 14:45:49.810707105 LANG: en_US.UTF-8
2019/12/17 14:45:49.810780121 R version: 3.5.0
2019/12/17 14:45:49.810782533 shiny version: 1.4.0
2019/12/17 14:45:49.810797417 httpuv version: 1.5.2
2019/12/17 14:45:49.810801992 rmarkdown version: 1.10
2019/12/17 14:45:49.810823110 knitr version: 1.20
2019/12/17 14:45:49.810871094 jsonlite version: 1.5
2019/12/17 14:45:49.810886475 RJSONIO version: (none)
2019/12/17 14:45:49.810916717 htmltools version: 0.4.0
2019/12/17 14:45:51.685685503 warning: using reticulate but python was not specified; will use python at /usr/bin/python 
2019/12/17 14:45:51.685730701 Did you forget to set the RETICULATE_PYTHON environment variable in your .Rprofile before publishing?
2019/12/17 14:45:51.686021859 Using pandoc at /opt/rstudio-connect/ext/pandoc2
2019/12/17 14:45:52.168097420 Using jsonlite for JSON processing
2019/12/17 14:45:52.182054053 Using Shiny bookmarking base directory /opt/rstudio-connect/mnt/bookmarks
2019/12/17 14:45:52.182380448 
2019/12/17 14:45:52.182396538 Starting R with process ID: '30532'
2019/12/17 14:45:52.257194944 
2019/12/17 14:45:52.257224852 Attaching package: ‘shinydashboard’
2019/12/17 14:45:52.257298057 
2019/12/17 14:45:52.258674491 The following object is masked from ‘package:graphics’:
2019/12/17 14:45:52.258706321 
2019/12/17 14:45:52.258747302     box
2019/12/17 14:45:52.258752562 
2019/12/17 14:45:52.333847589 This version of Shiny is designed to work with 'htmlwidgets' >= 1.5.
2019/12/17 14:45:52.333869695     Please upgrade via install.packages('htmlwidgets').
2019/12/17 14:45:52.651915759 
2019/12/17 14:45:52.651952851 Attaching package: ‘DT’
2019/12/17 14:45:52.652042869 
2019/12/17 14:45:52.652599690 The following objects are masked from ‘package:shiny’:
2019/12/17 14:45:52.652616497 
2019/12/17 14:45:52.652670831     dataTableOutput, renderDataTable
2019/12/17 14:45:52.652673864 
2019/12/17 14:45:54.126199352 Loading required package: viridisLite
2019/12/17 14:45:58.730148999 
2019/12/17 14:45:58.730182750 Listening on http://127.0.0.1:34970
2019/12/17 14:46:58.071247835 [1] "ok"
2019/12/17 14:47:17.672946088  beta_A  beta_B gamma_A gamma_B   tau_1   tau_2 
2019/12/17 14:47:17.672976596     0.5     0.5     0.5     0.5     0.0     0.0 
2019/12/17 14:47:17.783564844      beta_A      beta_B     gamma_A     gamma_B       tau_1       tau_2 
2019/12/17 14:47:17.783619554  0.25121466  0.14608335  0.52759394  0.91923275 -0.05645388  0.31470829 
2019/12/17 14:47:17.835953545 [1] "boot"
2019/12/17 14:47:24.530254861            [,1]      [,2]      [,3]      [,4]         [,5]       [,6]
2019/12/17 14:47:24.530315782 2.5%  0.2125103 0.1350991 0.4740189 0.8297832 -0.123347526 -5.1436401
2019/12/17 14:47:24.530446889 50%   0.2519376 0.1468203 0.5262400 0.9292937 -0.063436946  0.3773321
2019/12/17 14:47:24.530451506 97.5% 0.2865137 0.1576512 0.5793843 1.0115211  0.009447627  9.8964998
2019/12/17 14:47:24.589103019        Mean     Q2.5       Q50    Q97.5
2019/12/17 14:47:24.589132245 1 0.9856757 0.968123 0.9838735 1.002168
2019/12/17 14:48:22.767819193  beta_A  beta_B gamma_A gamma_B   tau_1   tau_2 
2019/12/17 14:48:22.767855511     0.5     0.5     0.5     0.5     0.0     0.0 
2019/12/17 14:48:22.829675054      beta_A      beta_B     gamma_A     gamma_B       tau_1       tau_2 
2019/12/17 14:48:22.829717487  0.25121466  0.14608335  0.52759394  0.91923275 -0.05645388  0.31470829 
2019/12/17 14:48:22.838672010 [1] "boot"
2019/12/17 14:48:29.470480372            [,1]      [,2]      [,3]      [,4]        [,5]       [,6]
2019/12/17 14:48:29.470511836 2.5%  0.2144770 0.1333400 0.4772856 0.8230097 -0.11479416 -4.0493558
2019/12/17 14:48:29.470588948 50%   0.2508493 0.1461862 0.5295229 0.9265464 -0.05444182  0.3570497
2019/12/17 14:48:29.470607824 97.5% 0.2826144 0.1602555 0.5791585 1.0368363  0.03207727  8.6230139
2019/12/17 14:48:29.524378742        Mean      Q2.5       Q50    Q97.5
2019/12/17 14:48:29.524408591 1 0.9856757 0.9704043 0.9861935 1.007807
2019/12/17 14:48:37.173535379  beta_A  beta_B gamma_A gamma_B   tau_1   tau_2 
2019/12/17 14:48:37.173556753     0.2     0.5     0.5     0.5     0.0     0.0 
2019/12/17 14:48:37.232789026      beta_A      beta_B     gamma_A     gamma_B       tau_1       tau_2 
2019/12/17 14:48:37.232811515  0.25076880  0.14632162  0.52637297  0.91826381 -0.05927423 -0.20641864 
2019/12/17 14:48:37.243202121 [1] "boot"
2019/12/17 14:48:43.647639924            [,1]      [,2]      [,3]      [,4]         [,5]       [,6]
2019/12/17 14:48:43.647663990 2.5%  0.2216213 0.1321209 0.4921920 0.8239684 -0.128809798 -5.3584140
2019/12/17 14:48:43.647757772 50%   0.2540627 0.1457493 0.5301990 0.9142380 -0.067440390 -0.1428164
2019/12/17 14:48:43.647760402 97.5% 0.2913526 0.1575923 0.5761359 1.0042959 -0.001504342  8.2830965
2019/12/17 14:48:43.703187750        Mean    Q2.5       Q50     Q97.5
2019/12/17 14:48:43.703218762 1 0.9849487 0.96666 0.9828373 0.9996336
2019/12/17 14:50:32.246889857  beta_A  beta_B gamma_A gamma_B   tau_1   tau_2 
2019/12/17 14:50:32.246913044     0.2     0.5     0.5     0.5     0.0     0.0 
2019/12/17 14:50:32.294621268     beta_A     beta_B    gamma_A    gamma_B      tau_1      tau_2 
2019/12/17 14:50:32.294661605  1.6805375  0.7003491  2.6710691 -1.1878731 -0.3868482  2.8518844 
2019/12/17 14:50:32.307193338 [1] "boot"
2019/12/17 14:50:37.436136021           [,1]       [,2]      [,3]        [,4]       [,5]       [,6]
2019/12/17 14:50:37.436172048 2.5%  1.111550 0.06048522  0.822080 -8.53725359 -0.9701265 -0.6972082
2019/12/17 14:50:37.436247931 50%   1.738559 0.78792339  2.968458 -1.31166012 -0.4780053  3.5003827
2019/12/17 14:50:37.436256091 97.5% 2.441667 1.48399456 12.319467  0.06140966  3.0218539 10.8203885
2019/12/17 14:50:37.449647471        Mean       Q2.5       Q50    Q97.5
2019/12/17 14:50:37.449661868 1 0.1084799 0.06188137 0.2586695 1.502407
2019/12/17 14:50:41.914758027 Warning: Ignoring unknown parameters: stroke.color
2019/12/17 14:51:13.893549548   dose_A dose_B GIA      median     lower    upper      est
2019/12/17 14:51:13.893583105 1      0      1  23  1.48976548 -13.44042 18.34699 36.49325
2019/12/17 14:51:13.893648151 2      0      2  27 -3.28489831 -13.91482 23.38299 18.06907
2019/12/17 14:51:13.893654088 3      1      0  38 -0.81397105 -13.24510 23.00427 15.90607
2019/12/17 14:51:13.893696021 4      2      0  59 -0.03238559 -14.56010 11.53541 66.82391
2019/12/17 14:51:13.893706403 5      1      1  35  1.69485108 -20.92119 29.22088 62.80235
2019/12/17 14:51:13.893722529 6      1      2  40  0.17663683 -19.33580 14.67724 49.18744
2019/12/17 14:51:14.966648314   dose_A dose_B GIA      median     lower    upper      est
2019/12/17 14:51:14.966684508 1      0      1  23  1.48976548 -13.44042 18.34699 36.49325
2019/12/17 14:51:14.966760041 2      0      2  27 -3.28489831 -13.91482 23.38299 18.06907
2019/12/17 14:51:14.966762460 3      1      0  38 -0.81397105 -13.24510 23.00427 15.90607
2019/12/17 14:51:14.966781553 4      2      0  59 -0.03238559 -14.56010 11.53541 66.82391
2019/12/17 14:51:14.966788148 5      1      1  35  1.69485108 -20.92119 29.22088 62.80235
2019/12/17 14:51:14.966827360 6      1      2  40  0.17663683 -19.33580 14.67724 49.18744
2019/12/17 14:51:27.313282657 Warning: Error in <Anonymous>: arguments imply differing number of rows: 1, 2, 0
2019/12/17 14:51:27.329438603   186: stop
2019/12/17 14:51:27.329455910   185: <Anonymous>
2019/12/17 14:51:27.329486980   183: as.data.frame.list
2019/12/17 14:51:27.329489588   181: data.frame
2019/12/17 14:51:27.329502972   180: get_ed_line
2019/12/17 14:51:27.329504494   179: renderPlot [/opt/rstudio-connect/mnt/app/app.R#817]
2019/12/17 14:51:27.329518254   177: func
2019/12/17 14:51:27.329519664   137: drawPlot
2019/12/17 14:51:27.329532364   123: <reactive:plotObj>
2019/12/17 14:51:27.329533741   107: drawReactive
2019/12/17 14:51:27.329546228    94: origRenderFunc
2019/12/17 14:51:27.329550577    93: output$iso
2019/12/17 14:51:27.329563784    13: runApp
2019/12/17 14:51:27.329565114    12: fn
2019/12/17 14:51:27.329577623     7: connect$retry
2019/12/17 14:51:27.329579005     6: eval
2019/12/17 14:51:27.329591675     5: eval
2019/12/17 14:52:04.238417023 Warning: Error in <Anonymous>: arguments imply differing number of rows: 1, 2, 0
2019/12/17 14:52:04.251828235   186: stop
2019/12/17 14:52:04.251840302   185: <Anonymous>
2019/12/17 14:52:04.251887175   183: as.data.frame.list
2019/12/17 14:52:04.251889412   181: data.frame
2019/12/17 14:52:04.251903247   180: get_ed_line
2019/12/17 14:52:04.251908611   179: renderPlot [/opt/rstudio-connect/mnt/app/app.R#817]
2019/12/17 14:52:04.251923529   177: func
2019/12/17 14:52:04.251925178   137: drawPlot
2019/12/17 14:52:04.251938088   123: <reactive:plotObj>
2019/12/17 14:52:04.251939781   107: drawReactive
2019/12/17 14:52:04.251965387    94: origRenderFunc
2019/12/17 14:52:04.251967007    93: output$iso
2019/12/17 14:52:04.251991427    13: runApp
2019/12/17 14:52:04.251993049    12: fn
2019/12/17 14:52:04.252006115     7: connect$retry
2019/12/17 14:52:04.252007800     6: eval
2019/12/17 14:52:04.252020569     5: eval
2019/12/17 14:52:47.886222271 [1] "ok"
2019/12/17 14:52:59.361873764  beta_A  beta_B gamma_A gamma_B   tau_1   tau_2 
2019/12/17 14:52:59.361897233     0.2     0.5     0.5     1.5     0.0     0.0 
2019/12/17 14:52:59.407530689       beta_A       beta_B      gamma_A      gamma_B        tau_1        tau_2 
2019/12/17 14:52:59.407568284  1.353293637  2.652780347 -0.598596471  0.902465871 -2.003036992  0.004019107 
2019/12/17 14:52:59.414941507 [1] "boot"
2019/12/17 14:53:04.415268282             [,1]      [,2]         [,3]      [,4]        [,5]         [,6]
2019/12/17 14:53:04.415305986 2.5%   0.7599521  1.882776 -2.194253789 0.1752680 -30.9826422 -18.23475234
2019/12/17 14:53:04.415387404 50%    1.3532293  2.652901 -0.598698036 0.9024663  -2.0030333   0.01215655
2019/12/17 14:53:04.415398870 97.5% 22.3643994 51.318699 -0.005477982 2.2398906   0.2019387   3.09111746
2019/12/17 14:53:04.436534396    Mean  Q2.5   Q50    Q97.5
2019/12/17 14:53:04.436556767 1 0.005 0.005 0.005 1.318099
